<?xml version="1.0" encoding="UTF-8"?>
<testsuite name="com.astraeadb.options.OptionsTest" tests="10" skipped="0" failures="0" errors="0" timestamp="2026-02-09T15:05:42" hostname="MacBook-Pro.local" time="0.006">
  <properties/>
  <testcase name="hybridSearchDefaults()" classname="com.astraeadb.options.OptionsTest" time="0.001"/>
  <testcase name="edgeOptionsBuilder()" classname="com.astraeadb.options.OptionsTest" time="0.0"/>
  <testcase name="neighborOptionsDefaults()" classname="com.astraeadb.options.OptionsTest" time="0.0"/>
  <testcase name="ragOptionsBuilder()" classname="com.astraeadb.options.OptionsTest" time="0.001"/>
  <testcase name="subgraphOptionsDefaults()" classname="com.astraeadb.options.OptionsTest" time="0.0"/>
  <testcase name="ragOptionsDefaults()" classname="com.astraeadb.options.OptionsTest" time="0.0"/>
  <testcase name="semanticOptionsDefaults()" classname="com.astraeadb.options.OptionsTest" time="0.0"/>
  <testcase name="hybridSearchBuilder()" classname="com.astraeadb.options.OptionsTest" time="0.0"/>
  <testcase name="neighborOptionsBuilder()" classname="com.astraeadb.options.OptionsTest" time="0.0"/>
  <testcase name="edgeOptionsDefaults()" classname="com.astraeadb.options.OptionsTest" time="0.001"/>
  <system-out><![CDATA[]]></system-out>
  <system-err><![CDATA[]]></system-err>
</testsuite>
