<?xml version="1.0" encoding="UTF-8"?>
<testsuite name="com.astraeadb.exception.ErrorClassifierTest" tests="8" skipped="0" failures="0" errors="0" timestamp="2026-02-09T15:05:42" hostname="MacBook-Pro.local" time="0.032">
  <properties/>
  <testcase name="classifiesVectorIndexNotConfigured()" classname="com.astraeadb.exception.ErrorClassifierTest" time="0.026"/>
  <testcase name="nullMessageHandled()" classname="com.astraeadb.exception.ErrorClassifierTest" time="0.001"/>
  <testcase name="classifiesAuthRequired()" classname="com.astraeadb.exception.ErrorClassifierTest" time="0.0"/>
  <testcase name="classifiesInvalidCredentials()" classname="com.astraeadb.exception.ErrorClassifierTest" time="0.001"/>
  <testcase name="classifiesNodeNotFound()" classname="com.astraeadb.exception.ErrorClassifierTest" time="0.002"/>
  <testcase name="unknownErrorReturnsBaseException()" classname="com.astraeadb.exception.ErrorClassifierTest" time="0.0"/>
  <testcase name="classifiesEdgeNotFound()" classname="com.astraeadb.exception.ErrorClassifierTest" time="0.001"/>
  <testcase name="classifiesAccessDenied()" classname="com.astraeadb.exception.ErrorClassifierTest" time="0.0"/>
  <system-out><![CDATA[]]></system-out>
  <system-err><![CDATA[]]></system-err>
</testsuite>
