<?xml version="1.0" encoding="UTF-8"?>
<testsuite name="com.astraeadb.UnifiedClientTest" tests="3" skipped="0" failures="0" errors="0" timestamp="2026-02-09T15:09:04" hostname="MacBook-Pro.local" time="0.181">
  <properties/>
  <testcase name="connectFails_whenNoServer()" classname="com.astraeadb.UnifiedClientTest" time="0.179"/>
  <testcase name="builderWithAuth()" classname="com.astraeadb.UnifiedClientTest" time="0.0"/>
  <testcase name="builderDefaults()" classname="com.astraeadb.UnifiedClientTest" time="0.0"/>
  <system-out><![CDATA[]]></system-out>
  <system-err><![CDATA[]]></system-err>
</testsuite>
